{"C:\\01-company\\01-workplace\\07-react-native\\Project\\app\\actions\\actions.js": {"path":"C:\\01-company\\01-workplace\\07-react-native\\Project\\app\\actions\\actions.js","statementMap":{"0":{"start":{"line":3,"column":23},"end":{"line":6,"column":2}},"1":{"start":{"line":3,"column":35},"end":{"line":6,"column":1}}},"fnMap":{"0":{"name":"(anonymous_0)","decl":{"start":{"line":3,"column":23},"end":{"line":3,"column":24}},"loc":{"start":{"line":3,"column":35},"end":{"line":6,"column":1}},"line":3}},"branchMap":{},"s":{"0":1,"1":1},"f":{"0":1},"b":{},"_coverageSchema":"43e27e138ebf9cfc5966b082cf9a028302ed4184","hash":"87955f2c134eabb67e2ab6711542912ef13a47fd"}
,"C:\\01-company\\01-workplace\\07-react-native\\Project\\app\\actions\\types.js": {"path":"C:\\01-company\\01-workplace\\07-react-native\\Project\\app\\actions\\types.js","statementMap":{"0":{"start":{"line":1,"column":28},"end":{"line":1,"column":42}},"1":{"start":{"line":2,"column":24},"end":{"line":2,"column":34}}},"fnMap":{},"branchMap":{},"s":{"0":1,"1":1},"f":{},"b":{},"_coverageSchema":"43e27e138ebf9cfc5966b082cf9a028302ed4184","hash":"0d9dd738360a677591356ac040ebfb976a20acd9"}
,"C:\\01-company\\01-workplace\\07-react-native\\Project\\app\\components\\DismissKeyboard.js": {"path":"C:\\01-company\\01-workplace\\07-react-native\\Project\\app\\components\\DismissKeyboard.js","statementMap":{"0":{"start":{"line":4,"column":24},"end":{"line":13,"column":1}},"1":{"start":{"line":5,"column":2},"end":{"line":12,"column":4}},"2":{"start":{"line":8,"column":8},"end":{"line":8,"column":27}}},"fnMap":{"0":{"name":"(anonymous_0)","decl":{"start":{"line":4,"column":24},"end":{"line":4,"column":25}},"loc":{"start":{"line":4,"column":42},"end":{"line":13,"column":1}},"line":4},"1":{"name":"(anonymous_1)","decl":{"start":{"line":7,"column":15},"end":{"line":7,"column":16}},"loc":{"start":{"line":7,"column":21},"end":{"line":9,"column":7}},"line":7}},"branchMap":{},"s":{"0":3,"1":25,"2":1},"f":{"0":25,"1":1},"b":{},"_coverageSchema":"43e27e138ebf9cfc5966b082cf9a028302ed4184","hash":"b6de2aa034edf29a55ed06e669f42af2534f18c1"}
,"C:\\01-company\\01-workplace\\07-react-native\\Project\\app\\containers\\ListScreen\\index.js": {"path":"C:\\01-company\\01-workplace\\07-react-native\\Project\\app\\containers\\ListScreen\\index.js","statementMap":{"0":{"start":{"line":6,"column":26},"end":{"line":41,"column":1}},"1":{"start":{"line":7,"column":2},"end":{"line":7,"column":21}},"2":{"start":{"line":8,"column":2},"end":{"line":40,"column":4}},"3":{"start":{"line":16,"column":41},"end":{"line":16,"column":45}},"4":{"start":{"line":17,"column":14},"end":{"line":33,"column":16}},"5":{"start":{"line":28,"column":35},"end":{"line":28,"column":78}},"6":{"start":{"line":29,"column":35},"end":{"line":29,"column":71}},"7":{"start":{"line":35,"column":34},"end":{"line":35,"column":41}},"8":{"start":{"line":43,"column":33},"end":{"line":45,"column":1}}},"fnMap":{"0":{"name":"(anonymous_0)","decl":{"start":{"line":6,"column":26},"end":{"line":6,"column":27}},"loc":{"start":{"line":6,"column":53},"end":{"line":41,"column":1}},"line":6},"1":{"name":"(anonymous_1)","decl":{"start":{"line":15,"column":24},"end":{"line":15,"column":25}},"loc":{"start":{"line":15,"column":38},"end":{"line":34,"column":13}},"line":15},"2":{"name":"(anonymous_2)","decl":{"start":{"line":28,"column":29},"end":{"line":28,"column":30}},"loc":{"start":{"line":28,"column":35},"end":{"line":28,"column":78}},"line":28},"3":{"name":"(anonymous_3)","decl":{"start":{"line":29,"column":26},"end":{"line":29,"column":27}},"loc":{"start":{"line":29,"column":35},"end":{"line":29,"column":71}},"line":29},"4":{"name":"(anonymous_4)","decl":{"start":{"line":35,"column":26},"end":{"line":35,"column":27}},"loc":{"start":{"line":35,"column":34},"end":{"line":35,"column":41}},"line":35},"5":{"name":"(anonymous_5)","decl":{"start":{"line":43,"column":23},"end":{"line":43,"column":24}},"loc":{"start":{"line":43,"column":33},"end":{"line":45,"column":1}},"line":43}},"branchMap":{},"s":{"0":1,"1":2,"2":2,"3":1,"4":1,"5":1,"6":1,"7":1,"8":1},"f":{"0":2,"1":1,"2":1,"3":1,"4":1,"5":1},"b":{},"_coverageSchema":"43e27e138ebf9cfc5966b082cf9a028302ed4184","hash":"ae7defedd6f46bffc3519bd004f5b6be503f7979"}
,"C:\\01-company\\01-workplace\\07-react-native\\Project\\app\\containers\\LoginScreen\\index.js": {"path":"C:\\01-company\\01-workplace\\07-react-native\\Project\\app\\containers\\LoginScreen\\index.js","statementMap":{"0":{"start":{"line":6,"column":29},"end":{"line":8,"column":3}},"1":{"start":{"line":11,"column":4},"end":{"line":11,"column":12}},"2":{"start":{"line":12,"column":4},"end":{"line":16,"column":6}},"3":{"start":{"line":19,"column":16},"end":{"line":31,"column":3}},"4":{"start":{"line":20,"column":35},"end":{"line":20,"column":45}},"5":{"start":{"line":21,"column":27},"end":{"line":21,"column":37}},"6":{"start":{"line":22,"column":4},"end":{"line":24,"column":5}},"7":{"start":{"line":23,"column":6},"end":{"line":23,"column":68}},"8":{"start":{"line":26,"column":4},"end":{"line":28,"column":5}},"9":{"start":{"line":27,"column":6},"end":{"line":27,"column":68}},"10":{"start":{"line":30,"column":4},"end":{"line":30,"column":37}},"11":{"start":{"line":33,"column":25},"end":{"line":33,"column":66}},"12":{"start":{"line":33,"column":33},"end":{"line":33,"column":66}},"13":{"start":{"line":34,"column":25},"end":{"line":34,"column":66}},"14":{"start":{"line":34,"column":33},"end":{"line":34,"column":66}},"15":{"start":{"line":37,"column":42},"end":{"line":37,"column":52}},"16":{"start":{"line":38,"column":4},"end":{"line":70,"column":6}}},"fnMap":{"0":{"name":"(anonymous_0)","decl":{"start":{"line":10,"column":2},"end":{"line":10,"column":3}},"loc":{"start":{"line":10,"column":16},"end":{"line":17,"column":3}},"line":10},"1":{"name":"(anonymous_1)","decl":{"start":{"line":19,"column":16},"end":{"line":19,"column":17}},"loc":{"start":{"line":19,"column":22},"end":{"line":31,"column":3}},"line":19},"2":{"name":"(anonymous_2)","decl":{"start":{"line":33,"column":25},"end":{"line":33,"column":26}},"loc":{"start":{"line":33,"column":33},"end":{"line":33,"column":66}},"line":33},"3":{"name":"(anonymous_3)","decl":{"start":{"line":34,"column":25},"end":{"line":34,"column":26}},"loc":{"start":{"line":34,"column":33},"end":{"line":34,"column":66}},"line":34},"4":{"name":"(anonymous_4)","decl":{"start":{"line":36,"column":2},"end":{"line":36,"column":3}},"loc":{"start":{"line":36,"column":11},"end":{"line":71,"column":3}},"line":36}},"branchMap":{"0":{"loc":{"start":{"line":22,"column":4},"end":{"line":24,"column":5}},"type":"if","locations":[{"start":{"line":22,"column":4},"end":{"line":24,"column":5}},{"start":{"line":22,"column":4},"end":{"line":24,"column":5}}],"line":22},"1":{"loc":{"start":{"line":26,"column":4},"end":{"line":28,"column":5}},"type":"if","locations":[{"start":{"line":26,"column":4},"end":{"line":28,"column":5}},{"start":{"line":26,"column":4},"end":{"line":28,"column":5}}],"line":26}},"s":{"0":1,"1":10,"2":10,"3":10,"4":3,"5":3,"6":3,"7":1,"8":2,"9":1,"10":1,"11":10,"12":1,"13":10,"14":1,"15":17,"16":17},"f":{"0":10,"1":3,"2":1,"3":1,"4":17},"b":{"0":[1,2],"1":[1,1]},"_coverageSchema":"43e27e138ebf9cfc5966b082cf9a028302ed4184","hash":"2d94067b3c7bc7b38597e6a3bc8fd43c4288fe5f"}
,"C:\\01-company\\01-workplace\\07-react-native\\Project\\app\\containers\\MainScreen\\index.js": {"path":"C:\\01-company\\01-workplace\\07-react-native\\Project\\app\\containers\\MainScreen\\index.js","statementMap":{"0":{"start":{"line":10,"column":29},"end":{"line":19,"column":4}},"1":{"start":{"line":10,"column":50},"end":{"line":19,"column":3}},"2":{"start":{"line":12,"column":6},"end":{"line":17,"column":8}},"3":{"start":{"line":16,"column":23},"end":{"line":16,"column":46}},"4":{"start":{"line":21,"column":4},"end":{"line":21,"column":17}},"5":{"start":{"line":23,"column":4},"end":{"line":29,"column":6}},"6":{"start":{"line":32,"column":21},"end":{"line":32,"column":77}},"7":{"start":{"line":32,"column":26},"end":{"line":32,"column":77}},"8":{"start":{"line":34,"column":14},"end":{"line":51,"column":3}},"9":{"start":{"line":35,"column":32},"end":{"line":35,"column":42}},"10":{"start":{"line":36,"column":4},"end":{"line":50,"column":6}},"11":{"start":{"line":54,"column":27},"end":{"line":54,"column":37}},"12":{"start":{"line":55,"column":32},"end":{"line":55,"column":42}},"13":{"start":{"line":56,"column":4},"end":{"line":74,"column":6}},"14":{"start":{"line":67,"column":16},"end":{"line":67,"column":67}}},"fnMap":{"0":{"name":"(anonymous_0)","decl":{"start":{"line":10,"column":29},"end":{"line":10,"column":30}},"loc":{"start":{"line":10,"column":50},"end":{"line":19,"column":3}},"line":10},"1":{"name":"(anonymous_1)","decl":{"start":{"line":11,"column":16},"end":{"line":11,"column":17}},"loc":{"start":{"line":12,"column":6},"end":{"line":17,"column":8}},"line":12},"2":{"name":"(anonymous_2)","decl":{"start":{"line":16,"column":17},"end":{"line":16,"column":18}},"loc":{"start":{"line":16,"column":23},"end":{"line":16,"column":46}},"line":16},"3":{"name":"(anonymous_3)","decl":{"start":{"line":20,"column":2},"end":{"line":20,"column":3}},"loc":{"start":{"line":20,"column":21},"end":{"line":30,"column":3}},"line":20},"4":{"name":"(anonymous_4)","decl":{"start":{"line":32,"column":21},"end":{"line":32,"column":22}},"loc":{"start":{"line":32,"column":26},"end":{"line":32,"column":77}},"line":32},"5":{"name":"(anonymous_5)","decl":{"start":{"line":34,"column":14},"end":{"line":34,"column":15}},"loc":{"start":{"line":34,"column":20},"end":{"line":51,"column":3}},"line":34},"6":{"name":"(anonymous_6)","decl":{"start":{"line":53,"column":2},"end":{"line":53,"column":3}},"loc":{"start":{"line":53,"column":11},"end":{"line":75,"column":3}},"line":53},"7":{"name":"(anonymous_7)","decl":{"start":{"line":66,"column":23},"end":{"line":66,"column":24}},"loc":{"start":{"line":67,"column":16},"end":{"line":67,"column":67}},"line":67}},"branchMap":{"0":{"loc":{"start":{"line":48,"column":9},"end":{"line":48,"column":65}},"type":"binary-expr","locations":[{"start":{"line":48,"column":9},"end":{"line":48,"column":15}},{"start":{"line":48,"column":19},"end":{"line":48,"column":65}}],"line":48}},"s":{"0":1,"1":1,"2":1,"3":1,"4":8,"5":8,"6":8,"7":1,"8":8,"9":9,"10":9,"11":9,"12":9,"13":9,"14":1},"f":{"0":1,"1":1,"2":1,"3":8,"4":1,"5":9,"6":9,"7":1},"b":{"0":[9,1]},"_coverageSchema":"43e27e138ebf9cfc5966b082cf9a028302ed4184","hash":"9e1f39ea49aa0d15ddf36d79eb53a426d94d71c4"}
,"C:\\01-company\\01-workplace\\07-react-native\\Project\\app\\containers\\NoteDetailScreen\\index.js": {"path":"C:\\01-company\\01-workplace\\07-react-native\\Project\\app\\containers\\NoteDetailScreen\\index.js","statementMap":{"0":{"start":{"line":19,"column":4},"end":{"line":19,"column":12}},"1":{"start":{"line":20,"column":4},"end":{"line":26,"column":6}},"2":{"start":{"line":30,"column":27},"end":{"line":30,"column":37}},"3":{"start":{"line":31,"column":21},"end":{"line":31,"column":52}},"4":{"start":{"line":33,"column":4},"end":{"line":38,"column":7}},"5":{"start":{"line":37,"column":6},"end":{"line":37,"column":57}},"6":{"start":{"line":41,"column":13},"end":{"line":41,"column":55}},"7":{"start":{"line":41,"column":23},"end":{"line":41,"column":55}},"8":{"start":{"line":43,"column":22},"end":{"line":43,"column":60}},"9":{"start":{"line":43,"column":30},"end":{"line":43,"column":60}},"10":{"start":{"line":45,"column":15},"end":{"line":45,"column":52}},"11":{"start":{"line":45,"column":26},"end":{"line":45,"column":52}},"12":{"start":{"line":47,"column":28},"end":{"line":47,"column":72}},"13":{"start":{"line":47,"column":36},"end":{"line":47,"column":72}},"14":{"start":{"line":49,"column":16},"end":{"line":64,"column":3}},"15":{"start":{"line":50,"column":4},"end":{"line":63,"column":5}},"16":{"start":{"line":51,"column":6},"end":{"line":51,"column":64}},"17":{"start":{"line":52,"column":11},"end":{"line":63,"column":5}},"18":{"start":{"line":53,"column":6},"end":{"line":55,"column":9}},"19":{"start":{"line":56,"column":11},"end":{"line":63,"column":5}},"20":{"start":{"line":57,"column":6},"end":{"line":59,"column":9}},"21":{"start":{"line":61,"column":21},"end":{"line":61,"column":42}},"22":{"start":{"line":62,"column":6},"end":{"line":62,"column":28}},"23":{"start":{"line":66,"column":15},"end":{"line":78,"column":3}},"24":{"start":{"line":67,"column":51},"end":{"line":67,"column":61}},"25":{"start":{"line":68,"column":37},"end":{"line":68,"column":47}},"26":{"start":{"line":69,"column":4},"end":{"line":76,"column":6}},"27":{"start":{"line":77,"column":4},"end":{"line":77,"column":37}},"28":{"start":{"line":81,"column":51},"end":{"line":81,"column":61}},"29":{"start":{"line":82,"column":4},"end":{"line":126,"column":6}},"30":{"start":{"line":112,"column":29},"end":{"line":112,"column":78}}},"fnMap":{"0":{"name":"(anonymous_0)","decl":{"start":{"line":18,"column":2},"end":{"line":18,"column":3}},"loc":{"start":{"line":18,"column":16},"end":{"line":27,"column":3}},"line":18},"1":{"name":"(anonymous_1)","decl":{"start":{"line":29,"column":2},"end":{"line":29,"column":3}},"loc":{"start":{"line":29,"column":22},"end":{"line":39,"column":3}},"line":29},"2":{"name":"(anonymous_2)","decl":{"start":{"line":36,"column":12},"end":{"line":36,"column":13}},"loc":{"start":{"line":36,"column":20},"end":{"line":38,"column":5}},"line":36},"3":{"name":"(anonymous_3)","decl":{"start":{"line":41,"column":13},"end":{"line":41,"column":14}},"loc":{"start":{"line":41,"column":23},"end":{"line":41,"column":55}},"line":41},"4":{"name":"(anonymous_4)","decl":{"start":{"line":43,"column":22},"end":{"line":43,"column":23}},"loc":{"start":{"line":43,"column":30},"end":{"line":43,"column":60}},"line":43},"5":{"name":"(anonymous_5)","decl":{"start":{"line":45,"column":15},"end":{"line":45,"column":16}},"loc":{"start":{"line":45,"column":26},"end":{"line":45,"column":52}},"line":45},"6":{"name":"(anonymous_6)","decl":{"start":{"line":47,"column":28},"end":{"line":47,"column":29}},"loc":{"start":{"line":47,"column":36},"end":{"line":47,"column":72}},"line":47},"7":{"name":"(anonymous_7)","decl":{"start":{"line":49,"column":16},"end":{"line":49,"column":17}},"loc":{"start":{"line":49,"column":28},"end":{"line":64,"column":3}},"line":49},"8":{"name":"(anonymous_8)","decl":{"start":{"line":66,"column":15},"end":{"line":66,"column":16}},"loc":{"start":{"line":66,"column":21},"end":{"line":78,"column":3}},"line":66},"9":{"name":"(anonymous_9)","decl":{"start":{"line":80,"column":2},"end":{"line":80,"column":3}},"loc":{"start":{"line":80,"column":11},"end":{"line":127,"column":3}},"line":80},"10":{"name":"(anonymous_10)","decl":{"start":{"line":112,"column":23},"end":{"line":112,"column":24}},"loc":{"start":{"line":112,"column":29},"end":{"line":112,"column":78}},"line":112}},"branchMap":{"0":{"loc":{"start":{"line":50,"column":4},"end":{"line":63,"column":5}},"type":"if","locations":[{"start":{"line":50,"column":4},"end":{"line":63,"column":5}},{"start":{"line":50,"column":4},"end":{"line":63,"column":5}}],"line":50},"1":{"loc":{"start":{"line":52,"column":11},"end":{"line":63,"column":5}},"type":"if","locations":[{"start":{"line":52,"column":11},"end":{"line":63,"column":5}},{"start":{"line":52,"column":11},"end":{"line":63,"column":5}}],"line":52},"2":{"loc":{"start":{"line":56,"column":11},"end":{"line":63,"column":5}},"type":"if","locations":[{"start":{"line":56,"column":11},"end":{"line":63,"column":5}},{"start":{"line":56,"column":11},"end":{"line":63,"column":5}}],"line":56}},"s":{"0":3,"1":3,"2":3,"3":3,"4":3,"5":3,"6":3,"7":2,"8":3,"9":1,"10":3,"11":4,"12":3,"13":1,"14":3,"15":4,"16":1,"17":3,"18":1,"19":2,"20":1,"21":1,"22":1,"23":3,"24":1,"25":1,"26":1,"27":1,"28":14,"29":14,"30":1},"f":{"0":3,"1":3,"2":3,"3":2,"4":1,"5":4,"6":1,"7":4,"8":1,"9":14,"10":1},"b":{"0":[1,3],"1":[1,2],"2":[1,1]},"_coverageSchema":"43e27e138ebf9cfc5966b082cf9a028302ed4184","hash":"ba41ad58ae23f570351594df7be6eb0f829636b3"}
,"C:\\01-company\\01-workplace\\07-react-native\\Project\\app\\containers\\StatisticScreen\\index.js": {"path":"C:\\01-company\\01-workplace\\07-react-native\\Project\\app\\containers\\StatisticScreen\\index.js","statementMap":{"0":{"start":{"line":6,"column":31},"end":{"line":47,"column":1}},"1":{"start":{"line":7,"column":2},"end":{"line":22,"column":3}},"2":{"start":{"line":8,"column":4},"end":{"line":21,"column":6}},"3":{"start":{"line":16,"column":27},"end":{"line":16,"column":52}},"4":{"start":{"line":24,"column":21},"end":{"line":24,"column":44}},"5":{"start":{"line":25,"column":2},"end":{"line":46,"column":4}},"6":{"start":{"line":40,"column":27},"end":{"line":40,"column":76}},"7":{"start":{"line":49,"column":24},"end":{"line":51,"column":2}},"8":{"start":{"line":49,"column":34},"end":{"line":51,"column":1}}},"fnMap":{"0":{"name":"(anonymous_0)","decl":{"start":{"line":6,"column":31},"end":{"line":6,"column":32}},"loc":{"start":{"line":6,"column":58},"end":{"line":47,"column":1}},"line":6},"1":{"name":"(anonymous_1)","decl":{"start":{"line":16,"column":21},"end":{"line":16,"column":22}},"loc":{"start":{"line":16,"column":27},"end":{"line":16,"column":52}},"line":16},"2":{"name":"(anonymous_2)","decl":{"start":{"line":40,"column":21},"end":{"line":40,"column":22}},"loc":{"start":{"line":40,"column":27},"end":{"line":40,"column":76}},"line":40},"3":{"name":"(anonymous_3)","decl":{"start":{"line":49,"column":24},"end":{"line":49,"column":25}},"loc":{"start":{"line":49,"column":34},"end":{"line":51,"column":1}},"line":49}},"branchMap":{"0":{"loc":{"start":{"line":7,"column":2},"end":{"line":22,"column":3}},"type":"if","locations":[{"start":{"line":7,"column":2},"end":{"line":22,"column":3}},{"start":{"line":7,"column":2},"end":{"line":22,"column":3}}],"line":7}},"s":{"0":1,"1":3,"2":2,"3":1,"4":1,"5":1,"6":1,"7":1,"8":1},"f":{"0":3,"1":1,"2":1,"3":1},"b":{"0":[2,1]},"_coverageSchema":"43e27e138ebf9cfc5966b082cf9a028302ed4184","hash":"cc461b653cdf32766693c85b7b2ac261147deb85"}
,"C:\\01-company\\01-workplace\\07-react-native\\Project\\app\\styled\\Layout\\Container.js": {"path":"C:\\01-company\\01-workplace\\07-react-native\\Project\\app\\styled\\Layout\\Container.js","statementMap":{"0":{"start":{"line":4,"column":18},"end":{"line":9,"column":1}}},"fnMap":{},"branchMap":{},"s":{"0":5},"f":{},"b":{},"_coverageSchema":"43e27e138ebf9cfc5966b082cf9a028302ed4184","hash":"f75e1b5d55d993dffc90a9817afea5cc2732a0d1"}
,"C:\\01-company\\01-workplace\\07-react-native\\Project\\app\\styled\\Layout\\FlexItem.js": {"path":"C:\\01-company\\01-workplace\\07-react-native\\Project\\app\\styled\\Layout\\FlexItem.js","statementMap":{"0":{"start":{"line":4,"column":17},"end":{"line":12,"column":1}},"1":{"start":{"line":8,"column":4},"end":{"line":11,"column":2}}},"fnMap":{"0":{"name":"(anonymous_0)","decl":{"start":{"line":7,"column":4},"end":{"line":7,"column":5}},"loc":{"start":{"line":8,"column":4},"end":{"line":11,"column":2}},"line":8}},"branchMap":{"0":{"loc":{"start":{"line":8,"column":4},"end":{"line":11,"column":2}},"type":"binary-expr","locations":[{"start":{"line":8,"column":4},"end":{"line":8,"column":14}},{"start":{"line":9,"column":4},"end":{"line":11,"column":2}}],"line":8}},"s":{"0":5,"1":8},"f":{"0":8},"b":{"0":[8,4]},"_coverageSchema":"43e27e138ebf9cfc5966b082cf9a028302ed4184","hash":"6fc8c1d82a52238f975731f72087154c33ac2fd1"}
,"C:\\01-company\\01-workplace\\07-react-native\\Project\\app\\styled\\Layout\\Spacing.js": {"path":"C:\\01-company\\01-workplace\\07-react-native\\Project\\app\\styled\\Layout\\Spacing.js","statementMap":{"0":{"start":{"line":4,"column":16},"end":{"line":12,"column":1}},"1":{"start":{"line":8,"column":4},"end":{"line":11,"column":2}}},"fnMap":{"0":{"name":"(anonymous_0)","decl":{"start":{"line":7,"column":4},"end":{"line":7,"column":5}},"loc":{"start":{"line":8,"column":4},"end":{"line":11,"column":2}},"line":8}},"branchMap":{"0":{"loc":{"start":{"line":8,"column":4},"end":{"line":11,"column":2}},"type":"binary-expr","locations":[{"start":{"line":8,"column":4},"end":{"line":8,"column":7}},{"start":{"line":9,"column":4},"end":{"line":11,"column":2}}],"line":8}},"s":{"0":5,"1":72},"f":{"0":72},"b":{"0":[72,12]},"_coverageSchema":"43e27e138ebf9cfc5966b082cf9a028302ed4184","hash":"69683e4328d5a29d2e1a97c3d27ced94f6644d72"}
,"C:\\01-company\\01-workplace\\07-react-native\\Project\\app\\styled\\Layout\\index.js": {"path":"C:\\01-company\\01-workplace\\07-react-native\\Project\\app\\styled\\Layout\\index.js","statementMap":{},"fnMap":{},"branchMap":{},"s":{},"f":{},"b":{},"_coverageSchema":"43e27e138ebf9cfc5966b082cf9a028302ed4184","hash":"0240068ca398bbdb8217be8af1a8ce9bc784656f"}
}
