TN:
SF:C:\01-company\01-workplace\07-react-native\Project\app\actions\actions.js
FN:3,(anonymous_0)
FNF:1
FNH:1
FNDA:1,(anonymous_0)
DA:3,1
LF:1
LH:1
BRF:0
BRH:0
end_of_record
TN:
SF:C:\01-company\01-workplace\07-react-native\Project\app\actions\types.js
FNF:0
FNH:0
DA:1,1
DA:2,1
LF:2
LH:2
BRF:0
BRH:0
end_of_record
TN:
SF:C:\01-company\01-workplace\07-react-native\Project\app\components\DismissKeyboard.js
FN:4,(anonymous_0)
FN:7,(anonymous_1)
FNF:2
FNH:2
FNDA:25,(anonymous_0)
FNDA:1,(anonymous_1)
DA:4,3
DA:5,25
DA:8,1
LF:3
LH:3
BRF:0
BRH:0
end_of_record
TN:
SF:C:\01-company\01-workplace\07-react-native\Project\app\containers\ListScreen\index.js
FN:6,(anonymous_0)
FN:15,(anonymous_1)
FN:28,(anonymous_2)
FN:29,(anonymous_3)
FN:35,(anonymous_4)
FN:43,(anonymous_5)
FNF:6
FNH:6
FNDA:2,(anonymous_0)
FNDA:1,(anonymous_1)
FNDA:1,(anonymous_2)
FNDA:1,(anonymous_3)
FNDA:1,(anonymous_4)
FNDA:1,(anonymous_5)
DA:6,1
DA:7,2
DA:8,2
DA:16,1
DA:17,1
DA:28,1
DA:29,1
DA:35,1
DA:43,1
LF:9
LH:9
BRF:0
BRH:0
end_of_record
TN:
SF:C:\01-company\01-workplace\07-react-native\Project\app\containers\LoginScreen\index.js
FN:10,(anonymous_0)
FN:19,(anonymous_1)
FN:33,(anonymous_2)
FN:34,(anonymous_3)
FN:36,(anonymous_4)
FNF:5
FNH:5
FNDA:10,(anonymous_0)
FNDA:3,(anonymous_1)
FNDA:1,(anonymous_2)
FNDA:1,(anonymous_3)
FNDA:17,(anonymous_4)
DA:6,1
DA:11,10
DA:12,10
DA:19,10
DA:20,3
DA:21,3
DA:22,3
DA:23,1
DA:26,2
DA:27,1
DA:30,1
DA:33,10
DA:34,10
DA:37,17
DA:38,17
LF:15
LH:15
BRDA:22,0,0,1
BRDA:22,0,1,2
BRDA:26,1,0,1
BRDA:26,1,1,1
BRF:4
BRH:4
end_of_record
TN:
SF:C:\01-company\01-workplace\07-react-native\Project\app\containers\MainScreen\index.js
FN:10,(anonymous_0)
FN:11,(anonymous_1)
FN:16,(anonymous_2)
FN:20,(anonymous_3)
FN:32,(anonymous_4)
FN:34,(anonymous_5)
FN:53,(anonymous_6)
FN:66,(anonymous_7)
FNF:8
FNH:8
FNDA:1,(anonymous_0)
FNDA:1,(anonymous_1)
FNDA:1,(anonymous_2)
FNDA:8,(anonymous_3)
FNDA:1,(anonymous_4)
FNDA:9,(anonymous_5)
FNDA:9,(anonymous_6)
FNDA:1,(anonymous_7)
DA:10,1
DA:12,1
DA:16,1
DA:21,8
DA:23,8
DA:32,8
DA:34,8
DA:35,9
DA:36,9
DA:54,9
DA:55,9
DA:56,9
DA:67,1
LF:13
LH:13
BRDA:48,0,0,9
BRDA:48,0,1,1
BRF:2
BRH:2
end_of_record
TN:
SF:C:\01-company\01-workplace\07-react-native\Project\app\containers\NoteDetailScreen\index.js
FN:18,(anonymous_0)
FN:29,(anonymous_1)
FN:36,(anonymous_2)
FN:41,(anonymous_3)
FN:43,(anonymous_4)
FN:45,(anonymous_5)
FN:47,(anonymous_6)
FN:49,(anonymous_7)
FN:66,(anonymous_8)
FN:80,(anonymous_9)
FN:112,(anonymous_10)
FNF:11
FNH:11
FNDA:3,(anonymous_0)
FNDA:3,(anonymous_1)
FNDA:3,(anonymous_2)
FNDA:2,(anonymous_3)
FNDA:1,(anonymous_4)
FNDA:4,(anonymous_5)
FNDA:1,(anonymous_6)
FNDA:4,(anonymous_7)
FNDA:1,(anonymous_8)
FNDA:14,(anonymous_9)
FNDA:1,(anonymous_10)
DA:19,3
DA:20,3
DA:30,3
DA:31,3
DA:33,3
DA:37,3
DA:41,3
DA:43,3
DA:45,4
DA:47,3
DA:49,3
DA:50,4
DA:51,1
DA:52,3
DA:53,1
DA:56,2
DA:57,1
DA:61,1
DA:62,1
DA:66,3
DA:67,1
DA:68,1
DA:69,1
DA:77,1
DA:81,14
DA:82,14
DA:112,1
LF:27
LH:27
BRDA:50,0,0,1
BRDA:50,0,1,3
BRDA:52,1,0,1
BRDA:52,1,1,2
BRDA:56,2,0,1
BRDA:56,2,1,1
BRF:6
BRH:6
end_of_record
TN:
SF:C:\01-company\01-workplace\07-react-native\Project\app\containers\StatisticScreen\index.js
FN:6,(anonymous_0)
FN:16,(anonymous_1)
FN:40,(anonymous_2)
FN:49,(anonymous_3)
FNF:4
FNH:4
FNDA:3,(anonymous_0)
FNDA:1,(anonymous_1)
FNDA:1,(anonymous_2)
FNDA:1,(anonymous_3)
DA:6,1
DA:7,3
DA:8,2
DA:16,1
DA:24,1
DA:25,1
DA:40,1
DA:49,1
LF:8
LH:8
BRDA:7,0,0,2
BRDA:7,0,1,1
BRF:2
BRH:2
end_of_record
TN:
SF:C:\01-company\01-workplace\07-react-native\Project\app\styled\Layout\Container.js
FNF:0
FNH:0
DA:4,5
LF:1
LH:1
BRF:0
BRH:0
end_of_record
TN:
SF:C:\01-company\01-workplace\07-react-native\Project\app\styled\Layout\FlexItem.js
FN:7,(anonymous_0)
FNF:1
FNH:1
FNDA:8,(anonymous_0)
DA:4,5
DA:8,8
LF:2
LH:2
BRDA:8,0,0,8
BRDA:8,0,1,4
BRF:2
BRH:2
end_of_record
TN:
SF:C:\01-company\01-workplace\07-react-native\Project\app\styled\Layout\Spacing.js
FN:7,(anonymous_0)
FNF:1
FNH:1
FNDA:72,(anonymous_0)
DA:4,5
DA:8,72
LF:2
LH:2
BRDA:8,0,0,72
BRDA:8,0,1,12
BRF:2
BRH:2
end_of_record
TN:
SF:C:\01-company\01-workplace\07-react-native\Project\app\styled\Layout\index.js
FNF:0
FNH:0
LF:0
LH:0
BRF:0
BRH:0
end_of_record
